::1 - - [03/Oct/2025:09:40:57 +0000] "POST /manufactur/fetchAllBarCode HTTP/1.1" 401 73 "-" "PostmanRuntime/7.48.0"
::1 - - [03/Oct/2025:09:41:26 +0000] "POST /manufactur/fetchAllBarCode HTTP/1.1" 401 73 "-" "PostmanRuntime/7.48.0"
::1 - - [03/Oct/2025:09:50:37 +0000] "POST /manufactur/fetchAllBarCode HTTP/1.1" 401 73 "-" "PostmanRuntime/7.48.0"
::1 - - [03/Oct/2025:10:38:14 +0000] "POST /manufactur/findDistributorUnderManufactur HTTP/1.1" 200 69 "-" "PostmanRuntime/7.48.0"
::1 - - [03/Oct/2025:10:40:48 +0000] "POST /manufactur/findDistributorUnderManufactur HTTP/1.1" 200 69 "-" "PostmanRuntime/7.48.0"
::1 - - [03/Oct/2025:10:42:37 +0000] "POST /manufactur/findDistributorUnderManufactur HTTP/1.1" 200 69 "-" "PostmanRuntime/7.48.0"
::1 - - [03/Oct/2025:10:43:48 +0000] "POST /manufactur/findDistributorUnderManufactur HTTP/1.1" 200 639 "-" "PostmanRuntime/7.48.0"
::1 - - [03/Oct/2025:10:51:46 +0000] "POST /manufactur/findDistributorUnderManufactur HTTP/1.1" 200 639 "-" "PostmanRuntime/7.48.0"
::1 - - [03/Oct/2025:10:52:43 +0000] "POST /manufactur/findOemUnderManufactur HTTP/1.1" 200 1574 "-" "PostmanRuntime/7.48.0"
::1 - - [03/Oct/2025:12:32:30 +0000] "POST /manufactur/fetchAllAllocatedBarcode HTTP/1.1" 200 87 "-" "PostmanRuntime/7.48.0"
::1 - - [03/Oct/2025:12:33:26 +0000] "POST /manufactur/fetchAllAllocatedBarcode HTTP/1.1" 200 87 "-" "PostmanRuntime/7.48.0"
::1 - - [03/Oct/2025:12:33:28 +0000] "POST /manufactur/fetchAllAllocatedBarcode HTTP/1.1" 200 87 "-" "PostmanRuntime/7.48.0"
::1 - - [03/Oct/2025:12:33:31 +0000] "POST /manufactur/fetchAllAllocatedBarcode HTTP/1.1" 200 87 "-" "PostmanRuntime/7.48.0"
::1 - - [03/Oct/2025:12:33:33 +0000] "POST /manufactur/fetchAllAllocatedBarcode HTTP/1.1" 200 87 "-" "PostmanRuntime/7.48.0"
::1 - - [03/Oct/2025:12:34:01 +0000] "POST /manufactur/fetchAllAllocatedBarcode HTTP/1.1" 200 87 "-" "PostmanRuntime/7.48.0"
::1 - - [03/Oct/2025:12:35:16 +0000] "POST /manufactur/fetchAllAllocatedBarcode HTTP/1.1" 200 87 "-" "PostmanRuntime/7.48.0"
::1 - - [03/Oct/2025:12:35:40 +0000] "POST /manufactur/fetchAllAllocatedBarcode HTTP/1.1" 200 87 "-" "PostmanRuntime/7.48.0"
::1 - - [03/Oct/2025:12:35:46 +0000] "POST /manufactur/fetchAllAllocatedBarcode HTTP/1.1" 200 87 "-" "PostmanRuntime/7.48.0"
::1 - - [03/Oct/2025:12:38:53 +0000] "POST /manufactur/fetchAllAllocatedBarcode HTTP/1.1" 200 516 "-" "PostmanRuntime/7.48.0"
::1 - - [21/Oct/2025:05:45:40 +0000] "POST /manufactur/findSubScriptionById HTTP/1.1" 500 65 "-" "PostmanRuntime/7.49.0"
::1 - - [21/Oct/2025:05:46:13 +0000] "POST /manufactur/findSubScriptionById HTTP/1.1" 200 76 "-" "PostmanRuntime/7.49.0"
::1 - - [21/Oct/2025:05:46:34 +0000] "POST /manufactur/findSubScriptionById HTTP/1.1" 200 329 "-" "PostmanRuntime/7.49.0"
::1 - - [21/Oct/2025:06:32:39 +0000] "POST /manufactur/editSubscriptionById HTTP/1.1" 200 344 "-" "PostmanRuntime/7.49.0"
